[2025-12-25 01:12:03] ========== Pipeline execution started ==========
[2025-12-25 01:12:03] [1/5] Running exotel_api.py...
[2025-12-25 01:12:07] [1/5] ✓ exotel_api.py completed successfully
[2025-12-25 01:12:07] [2/5] Running import_exotel_data.py...
[2025-12-25 01:12:17] [2/5] ✓ import_exotel_data.py completed successfully
[2025-12-25 01:12:17] [3/5] Running get_recording.py...
[2025-12-25 01:12:22] [3/5] ✓ get_recording.py completed successfully
[2025-12-25 01:12:22] [4/5] Running audio_to_text.py...
[2025-12-25 01:46:57] ========== Pipeline execution started ==========
[2025-12-25 01:46:57] [1/5] Running exotel_api.py...
[2025-12-25 01:46:59] [1/5] ✓ exotel_api.py completed successfully
[2025-12-25 01:46:59] [2/5] Running import_exotel_data.py...
[2025-12-25 01:47:08] [2/5] ✓ import_exotel_data.py completed successfully
[2025-12-25 01:47:08] [3/5] Running get_recording.py...
[2025-12-25 01:47:13] [3/5] ✓ get_recording.py completed successfully
[2025-12-25 01:47:13] [4/5] Running audio_to_text.py...
[2025-12-25 01:47:14] [4/5] ✗ audio_to_text.py failed with exit code 1
[2025-12-25 01:47:14] [5/5] Running descrption_generation_2.py...
[2025-12-25 01:49:27] ========== Pipeline execution started ==========
[2025-12-25 01:49:27] [1/5] Running exotel_api.py...
[2025-12-25 01:49:29] [1/5] ✓ exotel_api.py completed successfully
[2025-12-25 01:49:29] [2/5] Running import_exotel_data.py...
[2025-12-25 01:49:38] [2/5] ✓ import_exotel_data.py completed successfully
[2025-12-25 01:49:38] [3/5] Running get_recording.py...
[2025-12-25 01:49:42] [3/5] ✓ get_recording.py completed successfully
[2025-12-25 01:49:42] [4/5] Running audio_to_text.py...
[2025-12-25 01:49:42] [4/5] ✗ audio_to_text.py failed with exit code 1
[2025-12-25 01:49:42] [5/5] Running descrption_generation_2.py...
[2025-12-25 01:49:50] [5/5] ✓ descrption_generation_2.py completed successfully
[2025-12-25 01:49:50] ========== Pipeline execution completed ==========
[2025-12-25 01:49:50] 
[2025-12-25 01:50:57] ========== Pipeline execution started ==========
[2025-12-25 01:50:57] [1/5] Running exotel_api.py...
[2025-12-25 01:50:59] [1/5] ✓ exotel_api.py completed successfully
[2025-12-25 01:50:59] [2/5] Running import_exotel_data.py...
[2025-12-25 01:51:08] [2/5] ✓ import_exotel_data.py completed successfully
[2025-12-25 01:51:08] [3/5] Running get_recording.py...
[2025-12-25 01:51:11] [3/5] ✓ get_recording.py completed successfully
[2025-12-25 01:51:11] [4/5] Running audio_to_text.py...
[2025-12-25 02:09:55] ========== Pipeline execution started ==========
[2025-12-25 02:09:55] [1/5] Running exotel_api.py...
[2025-12-25 02:09:57] [1/5] ✓ exotel_api.py completed successfully
[2025-12-25 02:09:57] [2/5] Running import_exotel_data.py...
[2025-12-25 02:10:06] [2/5] ✓ import_exotel_data.py completed successfully
[2025-12-25 02:10:06] [3/5] Running get_recording.py...
[2025-12-25 02:10:09] [3/5] ✓ get_recording.py completed successfully
[2025-12-25 02:10:09] [4/5] Running audio_to_text.py...
[2025-12-25 02:11:24] ========== Pipeline execution started ==========
[2025-12-25 02:11:24] [1/5] Running exotel_api.py...
[2025-12-25 02:11:26] [1/5] ✓ exotel_api.py completed successfully
[2025-12-25 02:11:26] [2/5] Running import_exotel_data.py...
[2025-12-25 02:11:37] [2/5] ✓ import_exotel_data.py completed successfully
[2025-12-25 02:11:37] [3/5] Running get_recording.py...
[2025-12-25 02:11:40] [3/5] ✓ get_recording.py completed successfully
[2025-12-25 02:11:40] [4/5] Running audio_to_text.py...
[2025-12-25 02:14:58] ========== Pipeline execution started ==========
[2025-12-25 02:14:58] [1/5] Running exotel_api.py...
[2025-12-25 02:15:00] [1/5] ✓ exotel_api.py completed successfully
[2025-12-25 02:15:00] [2/5] Running import_exotel_data.py...
[2025-12-25 02:15:09] [2/5] ✓ import_exotel_data.py completed successfully
[2025-12-25 02:15:09] [3/5] Running get_recording.py...
[2025-12-25 02:15:12] [3/5] ✓ get_recording.py completed successfully
[2025-12-25 02:15:12] [4/5] Running audio_to_text.py...
[2025-12-25 02:22:05] [4/5] ✓ audio_to_text.py completed successfully
[2025-12-25 02:22:05] [5/5] Running descrption_generation_2.py...
[2025-12-25 02:22:17] [5/5] ✓ descrption_generation_2.py completed successfully
[2025-12-25 02:22:17] ========== Pipeline execution completed ==========
[2025-12-25 02:22:17] 
[2025-12-25 02:24:26] ========== Pipeline execution started ==========
[2025-12-25 02:24:26] [1/5] Running exotel_api.py...
[2025-12-25 02:24:29] [1/5] ✓ exotel_api.py completed successfully
[2025-12-25 02:24:29] [2/5] Running import_exotel_data.py...
[2025-12-25 02:24:39] [2/5] ✓ import_exotel_data.py completed successfully
[2025-12-25 02:24:39] [3/5] Running get_recording.py...
[2025-12-25 02:24:40] [3/5] ✓ get_recording.py completed successfully
[2025-12-25 02:24:40] [4/5] Running audio_to_text.py...
[2025-12-25 02:24:42] [4/5] ✓ audio_to_text.py completed successfully
[2025-12-25 02:24:42] [5/5] Running descrption_generation_2.py...
[2025-12-25 02:24:43] [5/5] ✓ descrption_generation_2.py completed successfully
[2025-12-25 02:24:43] ========== Pipeline execution completed ==========
[2025-12-25 02:24:43] 
[2025-12-26 13:50:06] ========== Pipeline execution started ==========
[2025-12-26 13:50:06] [1/5] Running exotel_api.py...
[2025-12-26 13:50:06] [1/5] ✗ exotel_api.py failed with exit code 1
[2025-12-26 13:50:06] [2/5] Running import_exotel_data.py...
[2025-12-26 13:50:07] [2/5] ✗ import_exotel_data.py failed with exit code 1
[2025-12-26 13:50:07] [3/5] Running get_recording.py...
[2025-12-26 13:50:07] [3/5] ✗ get_recording.py failed with exit code 1
[2025-12-26 13:50:07] [4/5] Running audio_to_text.py...
[2025-12-26 13:50:07] [4/5] ✗ audio_to_text.py failed with exit code 1
[2025-12-26 13:50:07] [5/5] Running descrption_generation_2.py...
[2025-12-26 13:50:07] [5/5] ✗ descrption_generation_2.py failed with exit code 1
[2025-12-26 13:50:07] ========== Pipeline execution completed ==========
[2025-12-26 13:50:07] 
[2025-12-26 13:53:53] ========== Pipeline execution started ==========
[2025-12-26 13:53:53] [1/5] Running exotel_api.py...
[2025-12-26 13:53:54] [1/5] ✗ exotel_api.py failed with exit code 1
[2025-12-26 13:53:54] [2/5] Running import_exotel_data.py...
[2025-12-26 13:53:54] [2/5] ✗ import_exotel_data.py failed with exit code 1
[2025-12-26 13:53:54] [3/5] Running get_recording.py...
[2025-12-26 13:53:54] [3/5] ✗ get_recording.py failed with exit code 1
[2025-12-26 13:53:54] [4/5] Running audio_to_text.py...
[2025-12-26 13:53:54] [4/5] ✗ audio_to_text.py failed with exit code 1
[2025-12-26 13:53:54] [5/5] Running descrption_generation_2.py...
[2025-12-26 13:53:54] [5/5] ✗ descrption_generation_2.py failed with exit code 1
[2025-12-26 13:53:54] ========== Pipeline execution completed ==========
[2025-12-26 13:53:54] 
[2025-12-26 13:55:49] ========== Pipeline execution started ==========
[2025-12-26 13:55:49] [1/5] Running exotel_api.py...
[2025-12-26 13:55:52] [1/5] ✓ exotel_api.py completed successfully
[2025-12-26 13:55:52] [2/5] Running import_exotel_data.py...
[2025-12-26 13:55:55] [2/5] ✗ import_exotel_data.py failed with exit code 1
[2025-12-26 13:55:55] [3/5] Running get_recording.py...
[2025-12-26 13:55:56] [3/5] ✓ get_recording.py completed successfully
[2025-12-26 13:55:56] [4/5] Running audio_to_text.py...
[2025-12-26 13:55:57] [4/5] ✓ audio_to_text.py completed successfully
[2025-12-26 13:55:57] [5/5] Running descrption_generation_2.py...
[2025-12-26 13:55:59] [5/5] ✓ descrption_generation_2.py completed successfully
[2025-12-26 13:55:59] ========== Pipeline execution completed ==========
[2025-12-26 13:55:59] 
[2025-12-26 13:57:48] ========== Pipeline execution started ==========
[2025-12-26 13:57:48] [1/5] Running exotel_api.py...
[2025-12-26 13:57:50] [1/5] ✓ exotel_api.py completed successfully
[2025-12-26 13:57:50] [2/5] Running import_exotel_data.py...
[2025-12-26 13:57:51] [2/5] ✗ import_exotel_data.py failed with exit code 1
[2025-12-26 13:57:51] [3/5] Running get_recording.py...
[2025-12-26 13:57:52] [3/5] ✓ get_recording.py completed successfully
[2025-12-26 13:57:52] [4/5] Running audio_to_text.py...
[2025-12-26 13:57:54] [4/5] ✓ audio_to_text.py completed successfully
[2025-12-26 13:57:54] [5/5] Running descrption_generation_2.py...
[2025-12-26 13:57:55] [5/5] ✓ descrption_generation_2.py completed successfully
[2025-12-26 13:57:55] ========== Pipeline execution completed ==========
[2025-12-26 13:57:55] 
[2025-12-26 13:59:19] ========== Pipeline execution started ==========
[2025-12-26 13:59:19] [1/5] Running exotel_api.py...
[2025-12-26 13:59:21] [1/5] ✓ exotel_api.py completed successfully
[2025-12-26 13:59:21] [2/5] Running import_exotel_data.py...
[2025-12-26 13:59:22] [2/5] ✗ import_exotel_data.py failed with exit code 1
[2025-12-26 13:59:22] [3/5] Running get_recording.py...
[2025-12-26 13:59:23] [3/5] ✓ get_recording.py completed successfully
[2025-12-26 13:59:23] [4/5] Running audio_to_text.py...
[2025-12-26 13:59:24] [4/5] ✓ audio_to_text.py completed successfully
[2025-12-26 13:59:24] [5/5] Running descrption_generation_2.py...
[2025-12-26 13:59:25] [5/5] ✓ descrption_generation_2.py completed successfully
[2025-12-26 13:59:25] ========== Pipeline execution completed ==========
[2025-12-26 13:59:25] 
[2025-12-26 14:00:34] ========== Pipeline execution started ==========
[2025-12-26 14:00:34] [1/5] Running exotel_api.py...
[2025-12-26 14:00:36] [1/5] ✓ exotel_api.py completed successfully
[2025-12-26 14:00:36] [2/5] Running import_exotel_data.py...
[2025-12-26 14:00:37] [2/5] ✗ import_exotel_data.py failed with exit code 1
[2025-12-26 14:00:37] [3/5] Running get_recording.py...
[2025-12-26 14:00:38] [3/5] ✓ get_recording.py completed successfully
[2025-12-26 14:00:38] [4/5] Running audio_to_text.py...
[2025-12-26 14:00:39] [4/5] ✓ audio_to_text.py completed successfully
[2025-12-26 14:00:39] [5/5] Running descrption_generation_2.py...
[2025-12-26 14:00:40] [5/5] ✓ descrption_generation_2.py completed successfully
[2025-12-26 14:00:40] ========== Pipeline execution completed ==========
[2025-12-26 14:00:40] 
[2025-12-26 14:03:19] ========== Pipeline execution started ==========
[2025-12-26 14:03:19] [1/5] Running exotel_api.py...
[2025-12-26 14:03:20] [1/5] ✓ exotel_api.py completed successfully
[2025-12-26 14:03:20] [2/5] Running import_exotel_data.py...
[2025-12-26 14:03:29] [2/5] ✓ import_exotel_data.py completed successfully
[2025-12-26 14:03:29] [3/5] Running get_recording.py...
[2025-12-26 14:03:32] [3/5] ✓ get_recording.py completed successfully
[2025-12-26 14:03:32] [4/5] Running audio_to_text.py...
[2025-12-26 14:03:39] [4/5] ✓ audio_to_text.py completed successfully
[2025-12-26 14:03:39] [5/5] Running descrption_generation_2.py...
[2025-12-26 14:03:48] [5/5] ✓ descrption_generation_2.py completed successfully
[2025-12-26 14:03:48] ========== Pipeline execution completed ==========
[2025-12-26 14:03:48] 
[2025-12-26 14:05:20] ========== Pipeline execution started ==========
[2025-12-26 14:05:20] [1/5] Running exotel_api.py...
[2025-12-26 14:05:22] [1/5] ✓ exotel_api.py completed successfully
[2025-12-26 14:05:22] [2/5] Running import_exotel_data.py...
[2025-12-26 14:05:31] [2/5] ✓ import_exotel_data.py completed successfully
[2025-12-26 14:05:31] [3/5] Running get_recording.py...
[2025-12-26 14:05:33] [3/5] ✓ get_recording.py completed successfully
[2025-12-26 14:05:33] [4/5] Running audio_to_text.py...
[2025-12-26 14:05:34] [4/5] ✓ audio_to_text.py completed successfully
[2025-12-26 14:05:34] [5/5] Running descrption_generation_2.py...
[2025-12-26 14:05:35] [5/5] ✓ descrption_generation_2.py completed successfully
[2025-12-26 14:05:35] ========== Pipeline execution completed ==========
[2025-12-26 14:05:35] 
[2025-12-26 14:11:29] ========== Pipeline execution started ==========
[2025-12-26 14:11:29] [1/5] Running exotel_api.py...
[2025-12-26 14:11:31] [1/5] ✓ exotel_api.py completed successfully
[2025-12-26 14:11:31] [2/5] Running import_exotel_data.py...
[2025-12-26 14:11:40] [2/5] ✓ import_exotel_data.py completed successfully
[2025-12-26 14:11:40] [3/5] Running get_recording.py...
[2025-12-26 14:11:42] [3/5] ✓ get_recording.py completed successfully
[2025-12-26 14:11:42] [4/5] Running audio_to_text.py...
[2025-12-26 14:11:43] [4/5] ✓ audio_to_text.py completed successfully
[2025-12-26 14:11:43] [5/5] Running descrption_generation_2.py...
[2025-12-26 14:11:44] [5/5] ✓ descrption_generation_2.py completed successfully
[2025-12-26 14:11:44] ========== Pipeline execution completed ==========
[2025-12-26 14:11:44] 
[2025-12-26 14:22:38] Pipeline daemon started (PID: 54882, Interval: 120s)
[2025-12-26 14:22:38] Logs: /Users/thirdeyeradianceprivateltd/Desktop/PRODUCTION/data_generation copy/pipeline_execution.log

[2025-12-26 14:22:38] ========== Pipeline execution started ==========
[2025-12-26 14:22:38] [1/5] Running exotel_api.py...
[2025-12-26 14:22:40] [1/5] ✓ exotel_api.py completed successfully
[2025-12-26 14:22:40] [2/5] Running import_exotel_data.py...
[2025-12-26 14:22:49] [2/5] ✓ import_exotel_data.py completed successfully
[2025-12-26 14:22:49] [3/5] Running get_recording.py...
[2025-12-26 14:22:51] [3/5] ✓ get_recording.py completed successfully
[2025-12-26 14:22:51] [4/5] Running audio_to_text.py...
[2025-12-26 14:22:52] [4/5] ✓ audio_to_text.py completed successfully
[2025-12-26 14:22:52] [5/5] Running descrption_generation_2.py...
[2025-12-26 14:22:53] [5/5] ✓ descrption_generation_2.py completed successfully
[2025-12-26 14:22:53] ========== Pipeline execution completed ==========

[2025-12-26 14:23:18] ========== Pipeline execution started ==========
[2025-12-26 14:23:18] [1/5] Running exotel_api.py...
[2025-12-26 14:23:19] [1/5] ✓ exotel_api.py completed successfully
[2025-12-26 14:23:19] [2/5] Running import_exotel_data.py...
[2025-12-26 14:23:29] [2/5] ✓ import_exotel_data.py completed successfully
[2025-12-26 14:23:29] [3/5] Running get_recording.py...
[2025-12-26 14:23:30] [3/5] ✓ get_recording.py completed successfully
[2025-12-26 14:23:30] [4/5] Running audio_to_text.py...
[2025-12-26 14:23:31] [4/5] ✓ audio_to_text.py completed successfully
[2025-12-26 14:23:31] [5/5] Running descrption_generation_2.py...
[2025-12-26 14:23:32] [5/5] ✓ descrption_generation_2.py completed successfully
[2025-12-26 14:23:32] ========== Pipeline execution completed ==========
[2025-12-26 14:23:32] 
[2025-12-26 14:24:53] ========== Pipeline execution started ==========
[2025-12-26 14:24:53] [1/5] Running exotel_api.py...
[2025-12-26 14:24:54] [1/5] ✓ exotel_api.py completed successfully
[2025-12-26 14:24:54] [2/5] Running import_exotel_data.py...
[2025-12-26 14:25:04] [2/5] ✓ import_exotel_data.py completed successfully
[2025-12-26 14:25:04] [3/5] Running get_recording.py...
[2025-12-26 14:25:05] [3/5] ✓ get_recording.py completed successfully
[2025-12-26 14:25:05] [4/5] Running audio_to_text.py...
[2025-12-26 14:25:07] [4/5] ✓ audio_to_text.py completed successfully
[2025-12-26 14:25:07] [5/5] Running descrption_generation_2.py...
[2025-12-26 14:25:07] [5/5] ✓ descrption_generation_2.py completed successfully
[2025-12-26 14:25:07] ========== Pipeline execution completed ==========

[2025-12-26 14:27:07] ========== Pipeline execution started ==========
[2025-12-26 14:27:07] [1/5] Running exotel_api.py...
[2025-12-26 14:27:09] [1/5] ✓ exotel_api.py completed successfully
[2025-12-26 14:27:09] [2/5] Running import_exotel_data.py...
[2025-12-26 14:27:18] [2/5] ✓ import_exotel_data.py completed successfully
[2025-12-26 14:27:18] [3/5] Running get_recording.py...
[2025-12-26 14:27:20] [3/5] ✓ get_recording.py completed successfully
[2025-12-26 14:27:20] [4/5] Running audio_to_text.py...
[2025-12-26 14:27:21] [4/5] ✓ audio_to_text.py completed successfully
[2025-12-26 14:27:21] [5/5] Running descrption_generation_2.py...
[2025-12-26 14:27:22] [5/5] ✓ descrption_generation_2.py completed successfully
[2025-12-26 14:27:22] ========== Pipeline execution completed ==========

[2025-12-26 14:29:26] ========== Pipeline execution started ==========
[2025-12-26 14:29:26] [1/5] Running exotel_api.py...
[2025-12-26 14:29:27] [1/5] ✓ exotel_api.py completed successfully
[2025-12-26 14:29:27] [2/5] Running import_exotel_data.py...
[2025-12-26 14:29:38] [2/5] ✓ import_exotel_data.py completed successfully
[2025-12-26 14:29:38] [3/5] Running get_recording.py...
[2025-12-26 14:29:38] [3/5] ✗ get_recording.py failed with exit code 1
[2025-12-26 14:29:38]   Error: Fatal Python error: init_sys_streams: can't initialize sys standard streams
Python runtime state: core initialized
OSError: [Errno 9] Bad file descriptor

Current thread 0x00000001fbba5f00 (most recen
[2025-12-26 14:29:38] [4/5] Running audio_to_text.py...
[2025-12-26 14:29:38] [4/5] ✗ audio_to_text.py failed with exit code 1
[2025-12-26 14:29:38]   Error: Fatal Python error: init_sys_streams: can't initialize sys standard streams
Python runtime state: core initialized
OSError: [Errno 9] Bad file descriptor

Current thread 0x00000001fbba5f00 (most recen
[2025-12-26 14:29:38] [5/5] Running descrption_generation_2.py...
[2025-12-26 14:29:38] [5/5] ✗ descrption_generation_2.py failed with exit code 1
[2025-12-26 14:29:38]   Error: Fatal Python error: init_sys_streams: can't initialize sys standard streams
Python runtime state: core initialized
OSError: [Errno 9] Bad file descriptor

Current thread 0x00000001fbba5f00 (most recen
[2025-12-26 14:29:38] ========== Pipeline execution completed ==========

[2025-12-26 14:31:38] ========== Pipeline execution started ==========
[2025-12-26 14:31:38] [1/5] Running exotel_api.py...
[2025-12-26 14:31:38] [1/5] ✗ exotel_api.py failed with exit code 1
[2025-12-26 14:31:38]   Error: Fatal Python error: init_sys_streams: can't initialize sys standard streams
Python runtime state: core initialized
OSError: [Errno 9] Bad file descriptor

Current thread 0x00000001fbba5f00 (most recen
[2025-12-26 14:31:38] [2/5] Running import_exotel_data.py...
[2025-12-26 14:31:38] [2/5] ✗ import_exotel_data.py failed with exit code 1
[2025-12-26 14:31:38]   Error: Fatal Python error: init_sys_streams: can't initialize sys standard streams
Python runtime state: core initialized
OSError: [Errno 9] Bad file descriptor

Current thread 0x00000001fbba5f00 (most recen
[2025-12-26 14:31:38] [3/5] Running get_recording.py...
[2025-12-26 14:31:38] [3/5] ✗ get_recording.py failed with exit code 1
[2025-12-26 14:31:38]   Error: Fatal Python error: init_sys_streams: can't initialize sys standard streams
Python runtime state: core initialized
OSError: [Errno 9] Bad file descriptor

Current thread 0x00000001fbba5f00 (most recen
[2025-12-26 14:31:38] [4/5] Running audio_to_text.py...
[2025-12-26 14:31:38] [4/5] ✗ audio_to_text.py failed with exit code 1
[2025-12-26 14:31:38]   Error: Fatal Python error: init_sys_streams: can't initialize sys standard streams
Python runtime state: core initialized
OSError: [Errno 9] Bad file descriptor

Current thread 0x00000001fbba5f00 (most recen
[2025-12-26 14:31:38] [5/5] Running descrption_generation_2.py...
[2025-12-26 14:31:38] [5/5] ✗ descrption_generation_2.py failed with exit code 1
[2025-12-26 14:31:38]   Error: Fatal Python error: init_sys_streams: can't initialize sys standard streams
Python runtime state: core initialized
OSError: [Errno 9] Bad file descriptor

Current thread 0x00000001fbba5f00 (most recen
[2025-12-26 14:31:38] ========== Pipeline execution completed ==========

[2025-12-26 14:41:20] ========== Pipeline execution started ==========
[2025-12-26 14:41:20] [1/5] Running exotel_api.py...
[2025-12-26 14:41:20] [1/5] ✗ exotel_api.py failed with exit code 1
[2025-12-26 14:41:20]   Error: Fatal Python error: init_sys_streams: can't initialize sys standard streams
Python runtime state: core initialized
OSError: [Errno 9] Bad file descriptor

Current thread 0x00000001fbba5f00 (most recen
[2025-12-26 14:41:20] [2/5] Running import_exotel_data.py...
[2025-12-26 14:41:20] [2/5] ✗ import_exotel_data.py failed with exit code 1
[2025-12-26 14:41:20]   Error: Fatal Python error: init_sys_streams: can't initialize sys standard streams
Python runtime state: core initialized
OSError: [Errno 9] Bad file descriptor

Current thread 0x00000001fbba5f00 (most recen
[2025-12-26 14:41:20] [3/5] Running get_recording.py...
[2025-12-26 14:41:20] [3/5] ✗ get_recording.py failed with exit code 1
[2025-12-26 14:41:20]   Error: Fatal Python error: init_sys_streams: can't initialize sys standard streams
Python runtime state: core initialized
OSError: [Errno 9] Bad file descriptor

Current thread 0x00000001fbba5f00 (most recen
[2025-12-26 14:41:20] [4/5] Running audio_to_text.py...
[2025-12-26 14:41:20] [4/5] ✗ audio_to_text.py failed with exit code 1
[2025-12-26 14:41:20]   Error: Fatal Python error: init_sys_streams: can't initialize sys standard streams
Python runtime state: core initialized
OSError: [Errno 9] Bad file descriptor

Current thread 0x00000001fbba5f00 (most recen
[2025-12-26 14:41:20] [5/5] Running descrption_generation_2.py...
[2025-12-26 14:41:20] [5/5] ✗ descrption_generation_2.py failed with exit code 1
[2025-12-26 14:41:20]   Error: Fatal Python error: init_sys_streams: can't initialize sys standard streams
Python runtime state: core initialized
OSError: [Errno 9] Bad file descriptor

Current thread 0x00000001fbba5f00 (most recen
[2025-12-26 14:41:20] ========== Pipeline execution completed ==========

[2025-12-26 14:48:26] ========== Pipeline execution started ==========
[2025-12-26 14:48:26] [1/5] Running exotel_api.py...
[2025-12-26 14:48:26] [1/5] ✗ exotel_api.py failed with exit code 1
[2025-12-26 14:48:26]   Error: Fatal Python error: init_sys_streams: can't initialize sys standard streams
Python runtime state: core initialized
OSError: [Errno 9] Bad file descriptor

Current thread 0x00000001fbba5f00 (most recen
[2025-12-26 14:48:26] [2/5] Running import_exotel_data.py...
[2025-12-26 14:48:26] [2/5] ✗ import_exotel_data.py failed with exit code 1
[2025-12-26 14:48:26]   Error: Fatal Python error: init_sys_streams: can't initialize sys standard streams
Python runtime state: core initialized
OSError: [Errno 9] Bad file descriptor

Current thread 0x00000001fbba5f00 (most recen
[2025-12-26 14:48:26] [3/5] Running get_recording.py...
[2025-12-26 14:48:26] [3/5] ✗ get_recording.py failed with exit code 1
[2025-12-26 14:48:26]   Error: Fatal Python error: init_sys_streams: can't initialize sys standard streams
Python runtime state: core initialized
OSError: [Errno 9] Bad file descriptor

Current thread 0x00000001fbba5f00 (most recen
[2025-12-26 14:48:26] [4/5] Running audio_to_text.py...
[2025-12-26 14:48:26] [4/5] ✗ audio_to_text.py failed with exit code 1
[2025-12-26 14:48:26]   Error: Fatal Python error: init_sys_streams: can't initialize sys standard streams
Python runtime state: core initialized
OSError: [Errno 9] Bad file descriptor

Current thread 0x00000001fbba5f00 (most recen
[2025-12-26 14:48:26] [5/5] Running descrption_generation_2.py...
[2025-12-26 14:48:26] [5/5] ✗ descrption_generation_2.py failed with exit code 1
[2025-12-26 14:48:26]   Error: Fatal Python error: init_sys_streams: can't initialize sys standard streams
Python runtime state: core initialized
OSError: [Errno 9] Bad file descriptor

Current thread 0x00000001fbba5f00 (most recen
[2025-12-26 14:48:26] ========== Pipeline execution completed ==========

[2025-12-26 15:14:08] Pipeline daemon started (PID: 59487, Interval: 120s)
[2025-12-26 15:14:08] Logs: /Users/thirdeyeradianceprivateltd/Desktop/PRODUCTION/data_generation copy 2/pipeline_execution.log

[2025-12-26 15:14:08] ========== Pipeline execution started ==========
[2025-12-26 15:14:08] [1/5] Running exotel_api.py...
[2025-12-26 15:14:09] [1/5] ✓ exotel_api.py completed successfully
[2025-12-26 15:14:09] [2/5] Running import_exotel_data.py...
[2025-12-26 15:14:19] [2/5] ✓ import_exotel_data.py completed successfully
[2025-12-26 15:14:19] [3/5] Running get_recording.py...
[2025-12-26 15:14:20] [3/5] ✓ get_recording.py completed successfully
[2025-12-26 15:14:20] [4/5] Running audio_to_text.py...
[2025-12-26 15:14:22] [4/5] ✓ audio_to_text.py completed successfully
[2025-12-26 15:14:22] [5/5] Running descrption_generation_2.py...
[2025-12-26 15:14:22] [5/5] ✓ descrption_generation_2.py completed successfully
[2025-12-26 15:14:22] ========== Pipeline execution completed ==========

[2025-12-26 15:16:22] ========== Pipeline execution started ==========
[2025-12-26 15:16:22] [1/5] Running exotel_api.py...
[2025-12-26 15:16:24] [1/5] ✓ exotel_api.py completed successfully
[2025-12-26 15:16:24] [2/5] Running import_exotel_data.py...
[2025-12-26 15:16:33] [2/5] ✓ import_exotel_data.py completed successfully
[2025-12-26 15:16:33] [3/5] Running get_recording.py...
[2025-12-26 15:16:35] [3/5] ✓ get_recording.py completed successfully
[2025-12-26 15:16:35] [4/5] Running audio_to_text.py...
[2025-12-26 15:16:36] [4/5] ✓ audio_to_text.py completed successfully
[2025-12-26 15:16:36] [5/5] Running descrption_generation_2.py...
[2025-12-26 15:16:37] [5/5] ✓ descrption_generation_2.py completed successfully
[2025-12-26 15:16:37] ========== Pipeline execution completed ==========

[2025-12-26 15:19:27] ========== Pipeline execution started ==========
[2025-12-26 15:19:27] [1/5] Running exotel_api.py...
[2025-12-26 15:19:29] [1/5] ✓ exotel_api.py completed successfully
[2025-12-26 15:19:29] [2/5] Running import_exotel_data.py...
[2025-12-26 15:19:39] [2/5] ✓ import_exotel_data.py completed successfully
[2025-12-26 15:19:39] [3/5] Running get_recording.py...
[2025-12-26 15:19:41] [3/5] ✓ get_recording.py completed successfully
[2025-12-26 15:19:41] [4/5] Running audio_to_text.py...
[2025-12-26 15:19:42] [4/5] ✓ audio_to_text.py completed successfully
[2025-12-26 15:19:42] [5/5] Running descrption_generation_2.py...
[2025-12-26 15:19:43] [5/5] ✓ descrption_generation_2.py completed successfully
[2025-12-26 15:19:43] ========== Pipeline execution completed ==========

